[INFO ] 2016-11-06 00:05:03.614 [main] Main - Initializing connection pool...
[INFO ] 2016-11-06 00:05:03.696 [main] Main - Creating stat grabber...
[INFO ] 2016-11-06 00:05:03.698 [main] Main - Grabbing stat...
[INFO ] 2016-11-06 00:06:16.671 [main] Main - Initializing connection pool...
[INFO ] 2016-11-06 00:06:16.703 [main] Main - Creating stat grabber...
[INFO ] 2016-11-06 00:06:16.705 [main] Main - Grabbing stat...
[INFO ] 2016-11-06 00:06:22.775 [main] Main - Initializing connection pool...
[INFO ] 2016-11-06 00:06:22.808 [main] Main - Creating stat grabber...
[INFO ] 2016-11-06 00:06:22.810 [main] Main - Grabbing stat...
[INFO ] 2016-11-06 00:07:44.672 [main] Main - Initializing connection pool...
[INFO ] 2016-11-06 00:07:44.714 [main] Main - Creating stat grabber...
[INFO ] 2016-11-06 00:07:44.716 [main] Main - Grabbing stat...
[INFO ] 2016-11-06 00:07:54.888 [main] Main - Initializing connection pool...
[INFO ] 2016-11-06 00:07:54.922 [main] Main - Creating stat grabber...
[INFO ] 2016-11-06 00:07:54.924 [main] Main - Grabbing stat...
[INFO ] 2016-11-06 00:09:52.926 [main] Main - Initializing connection pool...
[INFO ] 2016-11-06 00:09:52.962 [main] Main - Creating stat grabber...
[INFO ] 2016-11-06 00:09:52.964 [main] Main - Grabbing stat...
[INFO ] 2016-11-06 00:56:45.832 [main] Main - Creating stat grabber...
[INFO ] 2016-11-06 00:56:45.840 [main] Main - Grabbing stat...
[INFO ] 2016-11-06 00:56:45.954 [main] Main - Creating DAO...
[INFO ] 2016-11-06 00:56:46.768 [main] Main - Saving stat...
[INFO ] 2016-11-06 00:56:46.854 [main] Main - Stat not saved!
[INFO ] 2016-11-06 00:58:42.765 [main] Main - Creating stat grabber...
[INFO ] 2016-11-06 00:58:42.770 [main] Main - Grabbing stat...
[INFO ] 2016-11-06 00:58:42.831 [main] Main - Creating DAO...
[INFO ] 2016-11-06 00:58:43.158 [main] Main - Saving stat...
[INFO ] 2016-11-06 00:58:43.212 [main] Main - Stat not saved!
[INFO ] 2016-11-06 00:59:40.145 [main] Main - Creating stat grabber...
[INFO ] 2016-11-06 00:59:40.149 [main] Main - Grabbing stat...
[INFO ] 2016-11-06 00:59:40.218 [main] Main - Creating DAO...
[INFO ] 2016-11-06 00:59:40.574 [main] Main - Saving stat...
[INFO ] 2016-11-06 00:59:40.640 [main] Main - Stat not saved!
[INFO ] 2016-11-06 01:00:28.609 [main] Main - Creating stat grabber...
[INFO ] 2016-11-06 01:00:28.616 [main] Main - Grabbing stat...
[INFO ] 2016-11-06 01:00:28.701 [main] Main - Creating DAO...
[INFO ] 2016-11-06 01:00:29.082 [main] Main - Saving stat...
[INFO ] 2016-11-06 01:00:29.141 [main] Main - Stat not saved!
[INFO ] 2016-11-06 01:04:18.192 [main] Main - Creating stat grabber...
[INFO ] 2016-11-06 01:04:18.196 [main] Main - Grabbing stat...
[INFO ] 2016-11-06 01:04:18.259 [main] Main - Creating DAO...
[INFO ] 2016-11-06 01:04:18.610 [main] Main - Saving stat...
[INFO ] 2016-11-06 01:04:18.667 [main] Main - Stat not saved!
[INFO ] 2016-11-06 01:09:30.206 [main] Main - Creating stat grabber...
[INFO ] 2016-11-06 01:09:30.210 [main] Main - Grabbing stat...
[INFO ] 2016-11-06 01:09:30.290 [main] Main - Creating DAO...
[INFO ] 2016-11-06 01:09:30.675 [main] Main - Saving stat...
[INFO ] 2016-11-06 01:09:30.752 [main] Main - Stat saved!
[INFO ] 2016-11-06 22:54:43.623 [main] Main - Creating stat grabber...
[INFO ] 2016-11-06 22:54:43.628 [main] Main - Grabbing stat...
[INFO ] 2016-11-06 22:54:43.696 [main] Main - Creating DAO...
[INFO ] 2016-11-06 22:54:47.893 [main] Main - Saving stat...
[INFO ] 2016-11-06 23:04:13.076 [main] Main - Creating stat grabber...
[INFO ] 2016-11-06 23:04:13.082 [main] Main - Grabbing stat...
[INFO ] 2016-11-06 23:04:13.170 [main] Main - Creating DAO...
[INFO ] 2016-11-06 23:04:17.347 [main] Main - Saving stat...
[INFO ] 2016-11-06 23:04:55.971 [main] Main - Creating stat grabber...
[INFO ] 2016-11-06 23:04:55.986 [main] Main - Grabbing stat...
[INFO ] 2016-11-06 23:04:56.054 [main] Main - Creating DAO...
[INFO ] 2016-11-06 23:04:56.575 [main] Main - Saving stat...
[INFO ] 2016-11-06 23:04:56.791 [main] Main - Stat saved!
[INFO ] 2016-11-06 23:10:53.495 [main] Main - Creating stat grabber...
[INFO ] 2016-11-06 23:10:53.501 [main] Main - Grabbing stat...
[INFO ] 2016-11-06 23:10:53.577 [main] Main - Creating DAO...
[INFO ] 2016-11-06 23:10:53.960 [main] Main - Saving stat...
[INFO ] 2016-11-06 23:10:54.020 [main] Main - Stat saved!
[INFO ] 2016-11-06 23:12:53.008 [main] Main - Creating stat grabber...
[INFO ] 2016-11-06 23:12:53.014 [main] Main - Grabbing stat...
[INFO ] 2016-11-06 23:12:53.098 [main] Main - Creating DAO...
[INFO ] 2016-11-06 23:12:53.473 [main] Main - Saving stat...
[INFO ] 2016-11-06 23:12:53.538 [main] Main - Stat saved!
[INFO ] 2016-11-06 23:40:13.379 [main] Main - No file path selected!
[INFO ] 2016-11-06 23:40:24.318 [main] Main - No file path selected!
[INFO ] 2016-11-06 23:41:49.167 [main] Main - Creating stat grabber...
[INFO ] 2016-11-06 23:41:49.190 [main] Main - Grabbing stat...
[ERROR] 2016-11-06 23:41:49.199 [main] Main - Error while reading lines from file!
[INFO ] 2016-11-06 23:41:49.199 [main] Main - File was empty!
[INFO ] 2016-11-06 23:41:49.200 [main] Main - Creating DAO...
[INFO ] 2016-11-06 23:41:49.544 [main] Main - Saving stat...
[INFO ] 2016-11-06 23:42:41.659 [main] Main - Creating stat grabber...
[INFO ] 2016-11-06 23:43:28.636 [main] Main - Grabbing stat...
[ERROR] 2016-11-06 23:43:28.650 [main] Main - Error while reading lines from file!
[INFO ] 2016-11-06 23:43:28.650 [main] Main - File was empty!
[INFO ] 2016-11-06 23:43:28.650 [main] Main - Creating DAO...
[INFO ] 2016-11-06 23:43:29.090 [main] Main - Saving stat...
[INFO ] 2016-11-06 23:43:39.945 [main] Main - Creating stat grabber...
[INFO ] 2016-11-06 23:43:45.372 [main] Main - Grabbing stat...
[ERROR] 2016-11-06 23:43:46.315 [main] Main - Error while reading lines from file!
[INFO ] 2016-11-06 23:43:46.317 [main] Main - File was empty!
[INFO ] 2016-11-06 23:44:04.846 [main] Main - Creating DAO...
[INFO ] 2016-11-06 23:44:05.252 [main] Main - Saving stat...
[INFO ] 2016-11-06 23:44:54.712 [main] Main - Creating stat grabber...
[INFO ] 2016-11-06 23:44:54.733 [main] Main - Grabbing stat...
[ERROR] 2016-11-06 23:45:24.787 [main] Main - Error while reading lines from file!
[INFO ] 2016-11-06 23:46:40.265 [main] Main - File was empty!
[INFO ] 2016-11-06 23:46:40.265 [main] Main - Can`t grab stat from file!
[INFO ] 2016-11-06 23:49:32.381 [main] Main - Creating stat grabber...
[INFO ] 2016-11-06 23:49:41.422 [main] Main - Grabbing stat...
[ERROR] 2016-11-06 23:50:04.866 [main] Main - Error while reading lines from file!
[INFO ] 2016-11-06 23:50:04.867 [main] Main - File was empty!
[INFO ] 2016-11-06 23:50:04.867 [main] Main - Can`t grab stat from file!
[INFO ] 2016-11-06 23:50:27.578 [main] Main - Creating stat grabber...
[INFO ] 2016-11-06 23:50:27.611 [main] Main - Grabbing stat...
[ERROR] 2016-11-06 23:51:02.249 [main] Main - Error while reading lines from file!
[INFO ] 2016-11-06 23:51:02.252 [main] Main - File was empty!
[INFO ] 2016-11-06 23:51:02.253 [main] Main - Can`t grab stat from file!
[INFO ] 2016-11-06 23:51:26.314 [main] Main - Creating stat grabber...
[INFO ] 2016-11-06 23:51:26.341 [main] Main - Grabbing stat...
[INFO ] 2016-11-06 23:51:50.053 [main] Main - Creating DAO...
[INFO ] 2016-11-06 23:51:50.462 [main] Main - Saving stat...
[INFO ] 2016-11-06 23:51:50.523 [main] Main - Stat saved!
