[INFO ] 2016-11-07 15:02:35.682 [main] Main - Creating stat grabber...
[INFO ] 2016-11-07 15:02:35.851 [main] Main - Grabbing stat...
[INFO ] 2016-11-07 15:02:35.976 [main] Main - Creating DAO...
[INFO ] 2016-11-07 15:02:36.233 [main] Main - Saving stat...
[INFO ] 2016-11-07 15:02:37.186 [main] Main - Stat saved!
[INFO ] 2016-11-07 17:35:34.653 [main] Main - Creating stat grabber...
[INFO ] 2016-11-07 17:35:34.656 [main] Main - Grabbing stat...
[INFO ] 2016-11-07 17:35:34.711 [main] Main - Creating DAO...
[INFO ] 2016-11-07 17:35:34.959 [main] Main - Saving stat...
[INFO ] 2016-11-07 17:35:35.296 [main] Main - Stat saved!
[INFO ] 2016-11-07 17:35:37.035 [main] Main - Creating stat grabber...
[INFO ] 2016-11-07 17:35:37.038 [main] Main - Grabbing stat...
[INFO ] 2016-11-07 17:35:37.093 [main] Main - Creating DAO...
[INFO ] 2016-11-07 17:35:37.339 [main] Main - Saving stat...
[INFO ] 2016-11-07 17:35:37.493 [main] Main - Stat saved!
[INFO ] 2016-11-07 17:35:38.877 [main] Main - Creating stat grabber...
[INFO ] 2016-11-07 17:35:38.880 [main] Main - Grabbing stat...
[INFO ] 2016-11-07 17:35:38.936 [main] Main - Creating DAO...
[INFO ] 2016-11-07 17:35:39.172 [main] Main - Saving stat...
[INFO ] 2016-11-07 17:35:39.318 [main] Main - Stat saved!
[INFO ] 2016-11-07 18:12:07.719 [main] Main - Creating stat grabber...
[INFO ] 2016-11-07 18:12:07.733 [main] Main - Grabbing stat...
[INFO ] 2016-11-07 18:12:07.796 [main] Main - Creating DAO...
[INFO ] 2016-11-07 18:12:08.034 [main] Main - Saving stat...
[INFO ] 2016-11-07 18:12:08.358 [main] Main - Stat saved!
[INFO ] 2016-11-07 18:12:38.340 [main] Main - Creating stat grabber...
[INFO ] 2016-11-07 18:12:38.345 [main] Main - Grabbing stat...
[INFO ] 2016-11-07 18:12:38.417 [main] Main - Creating DAO...
[INFO ] 2016-11-07 18:12:38.663 [main] Main - Saving stat...
[INFO ] 2016-11-07 18:12:39.096 [main] Main - Stat saved!
[INFO ] 2016-11-07 18:12:47.484 [main] Main - Creating stat grabber...
[INFO ] 2016-11-07 18:12:47.491 [main] Main - Grabbing stat...
[INFO ] 2016-11-07 18:12:47.566 [main] Main - Creating DAO...
[INFO ] 2016-11-07 18:12:47.834 [main] Main - Saving stat...
[INFO ] 2016-11-07 18:12:47.965 [main] Main - Stat saved!
[INFO ] 2016-11-07 18:13:47.963 [main] Main - Creating stat grabber...
[INFO ] 2016-11-07 18:13:47.969 [main] Main - Grabbing stat...
[INFO ] 2016-11-07 18:13:48.037 [main] Main - Creating DAO...
[INFO ] 2016-11-07 18:13:48.312 [main] Main - Saving stat...
[INFO ] 2016-11-07 18:13:48.640 [main] Main - Stat saved!
[INFO ] 2016-11-07 18:13:48.640 [main] Main - Creating stat grabber...
[INFO ] 2016-11-07 18:13:48.640 [main] Main - Grabbing stat...
[INFO ] 2016-11-07 18:13:48.641 [main] Main - Creating DAO...
[INFO ] 2016-11-07 18:13:48.673 [main] Main - Saving stat...
[INFO ] 2016-11-07 18:13:48.980 [main] Main - Stat saved!
